client12319 12 client16 3 2019-05-31T18:27:50.180
client17 46 client1230 7 2019-05-31T18:31:26.932
client1231 25 client12 58 2019-05-31T18:33:21.965
client1233 21 client2 35 2019-05-31T18:34:07.919
client12310 18 client4 5 2019-05-31T18:34:54.425
clientBD11 12 client1 2 2019-05-31T18:36:05.187
client14 175 clientBD9 28 2019-05-31T18:36:50.463
clientBD19 26 clientBD16 1 2019-05-31T19:06:26.343
client11 29 clientBD8 3 2019-05-31T19:06:58.494
client12 31 clientBD14 6 2019-05-31T19:07:42.750
clientBD11 13 client16 2 2019-05-31T19:08:50.297
client9 45 clientBD14 5 2019-05-31T19:09:15.279
clientBD4 22 clientBD19 2 2019-05-31T19:09:47.365
clientBD0 22 client8 9 2019-05-31T19:11:33.900
clientBD3 18 client7 5 2019-05-31T19:12:14.401
clientBD17 30 client2 61 2019-05-31T19:12:39.740
clientBD14 16 client15 2 2019-05-31T19:13:08.915
client7 4 clientBD4 20 2019-05-31T19:26:48.040
clientBD11 17 client15 113 2019-05-31T19:27:12.173
clientBD6 9 client15 95 2019-05-31T19:27:48.085
client7 25 clientBD1 15 2019-05-31T19:29:04.751
client13 41 clientBD7 10 2019-05-31T19:30:24.580
clientBD12 23 client1 4 2019-05-31T21:22:38.401
clientBD11 11 client0 1 2019-05-31T21:23:01.449
client1 9 clientBD11 26 2019-05-31T21:23:17.954
client1 10 clientBD18 33 2019-05-31T21:25:14.333
clientBD3 13 client8 1 2019-05-31T21:25:35.901
client10 4 clientBD16 18 2019-05-31T21:27:20.781
clientBD12 33 client8 7 2019-05-31T21:27:43.194
clientM15 17 client12 1 2019-06-02T01:58:10.565
clientM5 21 client11 1 2019-06-02T02:02:27.167
clientM16 23 clientM7 14 2019-06-02T02:02:51.918
clientM5 13 clientM15 22 2019-06-02T02:05:52.616
client1 4 clientM11 19 2019-06-02T02:20:40.937
clientM8 27 clientM19 11 2019-06-02T02:22:31.960
client3 24 clientM2 37 2019-06-02T02:23:37.850
